  Source.cpp
Source.obj : error LNK2019: unresolved external symbol "public: __thiscall doctest::String::String(void)" (??0String@doctest@@QAE@XZ) referenced in function "public: struct doctest::detail::Result __thiscall doctest::detail::Expression_lhs<int const >::operator==<int>(int const &&)" (??$?8H@?$Expression_lhs@$$CBH@detail@doctest@@QAE?AUResult@12@$$QBH@Z)
Source.obj : error LNK2019: unresolved external symbol "public: __thiscall doctest::String::~String(void)" (??1String@doctest@@QAE@XZ) referenced in function "public: struct doctest::detail::Result __thiscall doctest::detail::Expression_lhs<int const >::operator==<int>(int const &&)" (??$?8H@?$Expression_lhs@$$CBH@detail@doctest@@QAE?AUResult@12@$$QBH@Z)
Source.obj : error LNK2019: unresolved external symbol "public: __thiscall doctest::String::String(char const *)" (??0String@doctest@@QAE@PBD@Z) referenced in function "class doctest::String __cdecl doctest::detail::stringifyBinaryExpr<int,int>(int const &,char const *,int const &)" (??$stringifyBinaryExpr@HH@detail@doctest@@YA?AVString@1@ABHPBD0@Z)
Source.obj : error LNK2019: unresolved external symbol "class doctest::String __cdecl doctest::operator+(class doctest::String const &,class doctest::String const &)" (??Hdoctest@@YA?AVString@0@ABV10@0@Z) referenced in function "class doctest::String __cdecl doctest::detail::stringifyBinaryExpr<int,int>(int const &,char const *,int const &)" (??$stringifyBinaryExpr@HH@detail@doctest@@YA?AVString@1@ABHPBD0@Z)
Source.obj : error LNK2019: unresolved external symbol "class doctest::String __cdecl doctest::toString(int)" (?toString@doctest@@YA?AVString@1@H@Z) referenced in function "class doctest::String __cdecl doctest::detail::stringifyBinaryExpr<int,int>(int const &,char const *,int const &)" (??$stringifyBinaryExpr@HH@detail@doctest@@YA?AVString@1@ABHPBD0@Z)
Source.obj : error LNK2019: unresolved external symbol "struct doctest::ContextOptions const * __cdecl doctest::getContextOptions(void)" (?getContextOptions@doctest@@YAPBUContextOptions@1@XZ) referenced in function "public: struct doctest::detail::Result __thiscall doctest::detail::Expression_lhs<int const >::operator==<int>(int const &&)" (??$?8H@?$Expression_lhs@$$CBH@detail@doctest@@QAE?AUResult@12@$$QBH@Z)
Source.obj : error LNK2019: unresolved external symbol "public: __thiscall doctest::detail::Result::Result(bool,class doctest::String const &)" (??0Result@detail@doctest@@QAE@_NABVString@2@@Z) referenced in function "public: struct doctest::detail::Result __thiscall doctest::detail::Expression_lhs<int const >::operator==<int>(int const &&)" (??$?8H@?$Expression_lhs@$$CBH@detail@doctest@@QAE?AUResult@12@$$QBH@Z)
Source.obj : error LNK2019: unresolved external symbol "public: __thiscall doctest::detail::ExpressionDecomposer::ExpressionDecomposer(enum doctest::assertType::Enum)" (??0ExpressionDecomposer@detail@doctest@@QAE@W4Enum@assertType@2@@Z) referenced in function "public: __thiscall <lambda_305e1161f155504cb3ca1638758907dc>::operator()(void)const " (??R<lambda_305e1161f155504cb3ca1638758907dc>@@QBE@XZ)
Source.obj : error LNK2019: unresolved external symbol "public: struct doctest::detail::TestSuite & __thiscall doctest::detail::TestSuite::operator*(char const *)" (??DTestSuite@detail@doctest@@QAEAAU012@PBD@Z) referenced in function "void __cdecl `dynamic initializer for 'DOCTEST_ANON_VAR_0''(void)" (??__EDOCTEST_ANON_VAR_0@@YAXXZ)
Source.obj : error LNK2019: unresolved external symbol "public: __thiscall doctest::detail::TestCase::TestCase(void (__cdecl*)(void),char const *,unsigned int,struct doctest::detail::TestSuite const &,char const *,int)" (??0TestCase@detail@doctest@@QAE@P6AXXZPBDIABUTestSuite@12@1H@Z) referenced in function "void __cdecl `dynamic initializer for 'DOCTEST_ANON_VAR_3''(void)" (??__EDOCTEST_ANON_VAR_3@@YAXXZ)
Source.obj : error LNK2019: unresolved external symbol "public: struct doctest::detail::TestCase & __thiscall doctest::detail::TestCase::operator*(char const *)" (??DTestCase@detail@doctest@@QAEAAU012@PBD@Z) referenced in function "void __cdecl `dynamic initializer for 'DOCTEST_ANON_VAR_3''(void)" (??__EDOCTEST_ANON_VAR_3@@YAXXZ)
Source.obj : error LNK2019: unresolved external symbol "int __cdecl doctest::detail::regTest(struct doctest::detail::TestCase const &)" (?regTest@detail@doctest@@YAHABUTestCase@12@@Z) referenced in function "void __cdecl `dynamic initializer for 'DOCTEST_ANON_VAR_3''(void)" (??__EDOCTEST_ANON_VAR_3@@YAXXZ)
Source.obj : error LNK2019: unresolved external symbol "int __cdecl doctest::detail::setTestSuite(struct doctest::detail::TestSuite const &)" (?setTestSuite@detail@doctest@@YAHABUTestSuite@12@@Z) referenced in function "void __cdecl `dynamic initializer for 'DOCTEST_ANON_VAR_0''(void)" (??__EDOCTEST_ANON_VAR_0@@YAXXZ)
Source.obj : error LNK2019: unresolved external symbol "public: __thiscall doctest::detail::ResultBuilder::ResultBuilder(enum doctest::assertType::Enum,char const *,int,char const *,char const *,char const *)" (??0ResultBuilder@detail@doctest@@QAE@W4Enum@assertType@2@PBDH111@Z) referenced in function "public: __thiscall <lambda_305e1161f155504cb3ca1638758907dc>::operator()(void)const " (??R<lambda_305e1161f155504cb3ca1638758907dc>@@QBE@XZ)
Source.obj : error LNK2019: unresolved external symbol "public: void __thiscall doctest::detail::ResultBuilder::setResult(struct doctest::detail::Result const &)" (?setResult@ResultBuilder@detail@doctest@@QAEXABUResult@23@@Z) referenced in function "public: __thiscall <lambda_305e1161f155504cb3ca1638758907dc>::operator()(void)const " (??R<lambda_305e1161f155504cb3ca1638758907dc>@@QBE@XZ)
Source.obj : error LNK2019: unresolved external symbol "public: void __thiscall doctest::detail::ResultBuilder::translateException(void)" (?translateException@ResultBuilder@detail@doctest@@QAEXXZ) referenced in function __catch$??R<lambda_305e1161f155504cb3ca1638758907dc>@@QBE@XZ$0
Source.obj : error LNK2019: unresolved external symbol "public: bool __thiscall doctest::detail::ResultBuilder::log(void)" (?log@ResultBuilder@detail@doctest@@QAE_NXZ) referenced in function __catch$??R<lambda_305e1161f155504cb3ca1638758907dc>@@QBE@XZ$0
Source.obj : error LNK2019: unresolved external symbol "public: void __thiscall doctest::detail::ResultBuilder::react(void)const " (?react@ResultBuilder@detail@doctest@@QBEXXZ) referenced in function __catch$??R<lambda_305e1161f155504cb3ca1638758907dc>@@QBE@XZ$0
Source.obj : error LNK2019: unresolved external symbol "struct doctest::detail::TestSuite & __cdecl doctest_detail_test_suite_ns::getCurrentTestSuite(void)" (?getCurrentTestSuite@doctest_detail_test_suite_ns@@YAAAUTestSuite@detail@doctest@@XZ) referenced in function "void __cdecl `dynamic initializer for 'DOCTEST_ANON_VAR_3''(void)" (??__EDOCTEST_ANON_VAR_3@@YAXXZ)
MSVCRTD.lib(exe_main.obj) : error LNK2019: unresolved external symbol _main referenced in function "int __cdecl invoke_main(void)" (?invoke_main@@YAHXZ)
C:\Solutions\C++ Code Repository\Семестър 2\week 4\Project1\Debug\Project1.exe : fatal error LNK1120: 20 unresolved externals
